0 info it worked if it ends with ok
1 verbose cli [ '/usr/local/bin/node',
1 verbose cli   '/usr/local/bin/npm',
1 verbose cli   'run',
1 verbose cli   'build:blend',
1 verbose cli   '--',
1 verbose cli   '-w' ]
2 info using npm@3.10.10
3 info using node@v6.11.0
4 verbose stack Error: missing script: build:blend
4 verbose stack     at run (/usr/local/lib/node_modules/npm/lib/run-script.js:151:19)
4 verbose stack     at /usr/local/lib/node_modules/npm/lib/run-script.js:61:5
4 verbose stack     at /usr/local/lib/node_modules/npm/node_modules/read-package-json/read-json.js:356:5
4 verbose stack     at handleExists (/usr/local/lib/node_modules/npm/node_modules/read-package-json/read-json.js:329:20)
4 verbose stack     at FSReqWrap.cb [as oncomplete] (fs.js:258:19)
5 verbose cwd /Users/julian/Pixi-Shaders
6 error Darwin 16.6.0
7 error argv "/usr/local/bin/node" "/usr/local/bin/npm" "run" "build:blend" "--" "-w"
8 error node v6.11.0
9 error npm  v3.10.10
10 error missing script: build:blend
11 error If you need help, you may report this error at:
11 error     <https://github.com/npm/npm/issues>
12 verbose exit [ 1, true ]
